<?xml version="1.0" encoding="UTF-8"?>
<!-- Generated by org.testng.reporters.JUnitReportReporter -->
<testsuite hostname="ti43" name="simi.gestoria.test.Gestoria_Test" tests="1" failures="0" timestamp="9 Nov 2020 23:43:56 GMT" time="25.875" errors="0">
  <testcase name="Gestoria" time="25.875" classname="simi.gestoria.test.Gestoria_Test"/>
</testsuite> <!-- simi.gestoria.test.Gestoria_Test -->
