<?xml version="1.0" encoding="UTF-8"?>
<!-- Generated by org.testng.reporters.JUnitReportReporter -->
<testsuite hostname="ti43" name="simi.gestoria.Gestoria_Test" tests="1" failures="0" timestamp="15 Oct 2020 21:25:05 GMT" time="22.101" errors="0">
  <testcase name="Gestoria" time="22.101" classname="simi.gestoria.Gestoria_Test"/>
</testsuite> <!-- simi.gestoria.Gestoria_Test -->
