<?xml version="1.0" encoding="UTF-8"?>
<!-- Generated by org.testng.reporters.JUnitReportReporter -->
<testsuite hostname="ti43" name="simi.gestoria.Gestoria" tests="1" failures="0" timestamp="1 Sep 2020 23:28:11 GMT" time="19.671" errors="0">
  <testcase name="f" time="19.671" classname="simi.gestoria.Gestoria"/>
</testsuite> <!-- simi.gestoria.Gestoria -->
