<?xml version="1.0" encoding="UTF-8"?>
<!-- Generated by org.testng.reporters.JUnitReportReporter -->
<testsuite hostname="ti43" name="simi.gestoria.test.Gestoria_Test" tests="1" failures="0" timestamp="13 Nov 2020 01:33:27 GMT" time="45.305" errors="0">
  <testcase name="Gestoria" time="45.305" classname="simi.gestoria.test.Gestoria_Test"/>
</testsuite> <!-- simi.gestoria.test.Gestoria_Test -->
