<?xml version="1.0" encoding="UTF-8"?>
<!-- Generated by org.testng.reporters.JUnitReportReporter -->
<testsuite hostname="ti43" name="simi.gestoria.test.Gestoria_Test" tests="1" failures="0" timestamp="7 Nov 2020 02:49:01 GMT" time="52.273" errors="0">
  <testcase name="Gestoria" time="52.273" classname="simi.gestoria.test.Gestoria_Test"/>
</testsuite> <!-- simi.gestoria.test.Gestoria_Test -->
