<?xml version="1.0" encoding="UTF-8"?>
<!-- Generated by org.testng.reporters.JUnitReportReporter -->
<testsuite hostname="ti43" name="simi.gestoria.test.Gestoria_Test" tests="1" failures="0" timestamp="11 Nov 2020 17:59:52 GMT" time="50.506" errors="0">
  <testcase name="Gestoria" time="50.506" classname="simi.gestoria.test.Gestoria_Test"/>
</testsuite> <!-- simi.gestoria.test.Gestoria_Test -->
