<?xml version="1.0" encoding="UTF-8"?>
<!-- Generated by org.testng.reporters.JUnitReportReporter -->
<testsuite hostname="ti43" name="simi.gestoria.test.Gestoria_Test" tests="1" failures="0" timestamp="25 Oct 2020 18:49:02 GMT" time="10.520" errors="0">
  <testcase name="Gestoria" time="10.520" classname="simi.gestoria.test.Gestoria_Test"/>
</testsuite> <!-- simi.gestoria.test.Gestoria_Test -->
